TN:
SF:mocks\fileMock.js
FNF:0
FNH:0
DA:1,1
LF:1
LH:1
BRF:0
BRH:0
end_of_record
TN:
SF:src\const\const.tsx
FNF:0
FNH:0
DA:1,1
DA:2,1
DA:3,1
DA:4,1
DA:5,1
DA:6,1
DA:7,1
DA:8,1
DA:9,1
DA:10,1
DA:11,1
DA:12,1
DA:13,1
DA:14,1
DA:15,1
DA:16,1
DA:17,1
DA:18,1
DA:19,1
DA:20,1
DA:21,1
LF:21
LH:21
BRF:0
BRH:0
end_of_record
TN:
SF:src\genre\genre.tsx
FN:36,Genre
FN:38,onClick
FNF:2
FNH:2
FNDA:36,Genre
FNDA:2,onClick
DA:1,1
DA:2,1
DA:3,1
DA:4,1
DA:5,1
DA:6,1
DA:7,1
DA:8,1
DA:9,1
DA:10,1
DA:11,1
DA:12,1
DA:13,1
DA:14,1
DA:15,1
DA:16,1
DA:17,1
DA:18,1
DA:19,1
DA:20,1
DA:21,1
DA:22,1
DA:23,1
DA:24,1
DA:25,1
DA:26,1
DA:27,1
DA:28,1
DA:29,1
DA:30,1
DA:31,1
DA:32,1
DA:33,1
DA:34,1
DA:35,1
DA:36,1
DA:37,36
DA:38,36
DA:39,36
DA:40,36
LF:40
LH:40
BRDA:23,0,0,36
BRDA:23,1,0,2
BRDA:23,2,0,34
BRDA:32,3,0,36
BRDA:32,4,0,34
BRDA:32,5,0,2
BRDA:36,6,0,36
BRDA:38,7,0,2
BRF:8
BRH:8
end_of_record
TN:
SF:src\genre\genreList.tsx
FN:37,GenreList
FN:40,handleClick
FN:47,onClick
FNF:3
FNH:2
FNDA:2,GenreList
FNDA:0,handleClick
FNDA:1,onClick
DA:1,1
DA:2,1
DA:3,1
DA:4,1
DA:5,1
DA:6,1
DA:7,1
DA:8,1
DA:9,1
DA:10,1
DA:11,1
DA:12,1
DA:13,1
DA:14,1
DA:15,1
DA:16,1
DA:17,1
DA:18,1
DA:19,1
DA:20,1
DA:21,1
DA:22,1
DA:23,1
DA:24,1
DA:25,1
DA:26,1
DA:27,1
DA:28,1
DA:29,1
DA:30,1
DA:31,1
DA:32,1
DA:33,1
DA:34,1
DA:35,1
DA:36,1
DA:37,1
DA:38,2
DA:39,2
DA:40,2
DA:41,0
DA:42,0
DA:43,2
DA:44,2
DA:45,2
DA:46,2
DA:47,2
DA:48,2
DA:49,2
DA:50,2
DA:51,2
DA:52,2
LF:52
LH:50
BRDA:37,0,0,2
BRDA:47,1,0,34
BRDA:47,2,0,1
BRF:3
BRH:3
end_of_record
TN:
SF:src\header\favoriteButton.tsx
FN:52,Button
FN:54,onClick
FNF:2
FNH:1
FNDA:2,Button
FNDA:0,onClick
DA:1,1
DA:2,1
DA:3,1
DA:4,1
DA:5,1
DA:6,1
DA:7,1
DA:8,1
DA:9,1
DA:10,1
DA:11,1
DA:12,1
DA:13,1
DA:14,1
DA:15,1
DA:16,1
DA:17,1
DA:18,1
DA:19,1
DA:20,1
DA:21,1
DA:22,1
DA:23,1
DA:24,1
DA:25,1
DA:26,1
DA:27,1
DA:28,1
DA:29,1
DA:30,1
DA:31,1
DA:32,1
DA:33,1
DA:34,1
DA:35,1
DA:36,1
DA:37,1
DA:38,1
DA:39,1
DA:40,1
DA:41,1
DA:42,1
DA:43,1
DA:44,1
DA:45,1
DA:46,1
DA:47,1
DA:48,1
DA:49,1
DA:50,1
DA:51,1
DA:52,1
DA:53,2
DA:54,2
DA:55,2
DA:56,2
DA:57,2
DA:58,2
DA:59,2
LF:59
LH:59
BRDA:52,0,0,2
BRF:1
BRH:1
end_of_record
TN:
SF:src\header\header.tsx
FN:29,Header
FN:33,onPopularMovie
FN:35,onClick
FNF:3
FNH:2
FNDA:2,Header
FNDA:1,onPopularMovie
FNDA:0,onClick
DA:1,1
DA:2,1
DA:3,1
DA:4,1
DA:5,1
DA:6,1
DA:7,1
DA:8,1
DA:9,1
DA:10,1
DA:11,1
DA:12,1
DA:13,1
DA:14,1
DA:15,1
DA:16,1
DA:17,1
DA:18,1
DA:19,1
DA:20,1
DA:21,1
DA:22,1
DA:23,1
DA:24,1
DA:25,1
DA:26,1
DA:27,1
DA:28,1
DA:29,1
DA:30,2
DA:31,2
DA:32,2
DA:33,2
DA:34,2
DA:35,2
DA:36,2
DA:37,2
DA:38,2
DA:39,2
DA:40,2
LF:40
LH:40
BRDA:29,0,0,2
BRDA:33,1,0,1
BRF:2
BRH:2
end_of_record
TN:
SF:src\header\logo.tsx
FN:38,Logo
FN:40,onClick
FNF:2
FNH:2
FNDA:2,Logo
FNDA:1,onClick
DA:1,1
DA:2,1
DA:3,1
DA:4,1
DA:5,1
DA:6,1
DA:7,1
DA:8,1
DA:9,1
DA:10,1
DA:11,1
DA:12,1
DA:13,1
DA:14,1
DA:15,1
DA:16,1
DA:17,1
DA:18,1
DA:19,1
DA:20,1
DA:21,1
DA:22,1
DA:23,1
DA:24,1
DA:25,1
DA:26,1
DA:27,1
DA:28,1
DA:29,1
DA:30,1
DA:31,1
DA:32,1
DA:33,1
DA:34,1
DA:35,1
DA:36,1
DA:37,1
DA:38,1
DA:39,2
DA:40,2
DA:41,2
DA:42,2
DA:43,2
DA:44,2
DA:45,2
DA:46,2
LF:46
LH:46
BRDA:38,0,0,2
BRDA:40,1,0,1
BRF:2
BRH:2
end_of_record
TN:
SF:src\header\searchPanel.tsx
FN:19,SearchPanel
FN:22,onChange
FNF:2
FNH:2
FNDA:3,SearchPanel
FNDA:1,onChange
DA:1,1
DA:2,1
DA:3,1
DA:4,1
DA:5,1
DA:6,1
DA:7,1
DA:8,1
DA:9,1
DA:10,1
DA:11,1
DA:12,1
DA:13,1
DA:14,1
DA:15,1
DA:16,1
DA:17,1
DA:18,1
DA:19,1
DA:20,3
DA:21,3
DA:22,3
DA:23,3
DA:24,3
DA:25,3
LF:25
LH:25
BRDA:19,0,0,3
BRDA:22,1,0,1
BRF:2
BRH:2
end_of_record
TN:
SF:src\list\list.tsx
FN:23,List
FNF:1
FNH:1
FNDA:2,List
DA:1,1
DA:2,1
DA:3,1
DA:4,1
DA:5,1
DA:6,1
DA:7,1
DA:8,1
DA:9,1
DA:10,1
DA:11,1
DA:12,1
DA:13,1
DA:14,1
DA:15,1
DA:16,1
DA:17,1
DA:18,1
DA:19,1
DA:20,1
DA:21,1
DA:22,1
DA:23,1
DA:24,2
DA:25,2
DA:26,2
DA:27,2
DA:28,2
DA:29,2
LF:29
LH:29
BRDA:23,0,0,2
BRDA:26,1,0,6
BRF:2
BRH:2
end_of_record
TN:
SF:src\list\movieItem.tsx
FN:59,MovieItem
FNF:1
FNH:1
FNDA:6,MovieItem
DA:1,1
DA:2,1
DA:3,1
DA:4,1
DA:5,1
DA:6,1
DA:7,1
DA:8,1
DA:9,1
DA:10,1
DA:11,1
DA:12,1
DA:13,1
DA:14,1
DA:15,1
DA:16,1
DA:17,1
DA:18,1
DA:19,1
DA:20,1
DA:21,1
DA:22,1
DA:23,1
DA:24,1
DA:25,1
DA:26,1
DA:27,1
DA:28,1
DA:29,1
DA:30,1
DA:31,1
DA:32,1
DA:33,1
DA:34,1
DA:35,1
DA:36,1
DA:37,1
DA:38,1
DA:39,1
DA:40,1
DA:41,1
DA:42,1
DA:43,1
DA:44,1
DA:45,1
DA:46,1
DA:47,1
DA:48,1
DA:49,1
DA:50,1
DA:51,1
DA:52,1
DA:53,1
DA:54,1
DA:55,1
DA:56,1
DA:57,1
DA:58,1
DA:59,1
DA:60,6
DA:61,6
DA:62,6
DA:63,6
DA:64,6
DA:65,6
DA:66,6
DA:67,6
DA:68,6
LF:68
LH:68
BRDA:59,0,0,6
BRF:1
BRH:1
end_of_record
TN:
SF:src\service\movieService.tsx
FN:1,<instance_members_initializer>
FN:5,MovieService
FN:9,getResource
FN:17,getPopularMovie
FN:21,getMovie
FN:25,getMovieSearch
FN:29,getActors
FN:33,getMoviesByGenre
FNF:8
FNH:8
FNDA:1,<instance_members_initializer>
FNDA:1,MovieService
FNDA:7,getResource
FNDA:2,getPopularMovie
FNDA:1,getMovie
FNDA:1,getMovieSearch
FNDA:1,getActors
FNDA:2,getMoviesByGenre
DA:1,1
DA:2,1
DA:3,1
DA:4,1
DA:5,1
DA:6,1
DA:7,1
DA:8,1
DA:9,1
DA:10,7
DA:11,7
DA:12,0
DA:13,0
DA:14,7
DA:15,7
DA:16,1
DA:17,1
DA:18,2
DA:19,2
DA:20,1
DA:21,1
DA:22,1
DA:23,1
DA:24,1
DA:25,1
DA:26,1
DA:27,1
DA:28,1
DA:29,1
DA:30,1
DA:31,1
DA:32,1
DA:33,1
DA:34,2
DA:35,2
DA:36,1
DA:37,1
LF:37
LH:35
BRDA:1,0,0,1
BRDA:5,1,0,1
BRDA:9,2,0,7
BRDA:11,3,0,0
BRDA:17,4,0,2
BRDA:18,5,0,2
BRDA:21,6,0,1
BRDA:25,7,0,1
BRDA:26,8,0,1
BRDA:29,9,0,1
BRDA:33,10,0,2
BRDA:34,11,0,2
BRF:12
BRH:11
end_of_record
